<?xml version="1.0" encoding="UTF-8"?>
<!-- Generated by org.testng.reporters.JUnitXMLReporter -->
<testsuite ignored="3" hostname="Mainaks-MacBook-Air.local" failures="0" tests="1" name="Default test-0" time="1.603" errors="0" timestamp="2024-01-11T19:14:42 IST">
  <testcase classname="com.browserstact.poc.AndroidBase" name="@BeforeMethod setUp" time="0.318">
    <failure type="org.openqa.selenium.SessionNotCreatedException" message="Could not start a new session. Possible causes are invalid address of the remote server or browser start-up failure. 
Host info: host: &amp;apos;Mainaks-MacBook-Air.local&amp;apos;, ip: &amp;apos;2405:201:100f:388a:2568:57dd:1f3b:8f5d%en0&amp;apos;
Build info: version: &amp;apos;4.16.1&amp;apos;, revision: &amp;apos;9b4c83354e&amp;apos;
System info: os.name: &amp;apos;Mac OS X&amp;apos;, os.arch: &amp;apos;x86_64&amp;apos;, os.version: &amp;apos;13.5.2&amp;apos;, java.version: &amp;apos;17.0.4.1&amp;apos;
Driver info: io.appium.java_client.android.AndroidDriver
Command: [null, newSession {capabilities=[{appium:app=bs://444bd0308813ae0dc236f8cd461c02d3afa7901d, appium:automationName=UIAutomator2, appium:browserstack.debug=true, appium:browserstack.testObservability=true, appium:build=Android, appium:deviceName=Samsung Galaxy S22 Ultra, appium:interactiveDebugging=true, appium:name=Bstack-[Java] Sample Test Android, appium:os_version=12, appium:project=Android Project, browserVersion=null, bstack:options={browserstackSDK=testng-javaagent/1.12.7, hostName=Mainaks-MacBook-Air.local, buildName=browserstack build, debug=true, source=java:appium-eclipse:v1.0.3, userName=mainakmukherjee_Qk5gaU, buildIdentifier=#20, consoleLogs=errors, networkLogs=true, deviceName=iPhone 14 Pro Max, local=true, accessKey=xptzyxhTpgWqRzWZFZvX, browserVersion=null, platformVersion=16, localIdentifier=11_Jan_1914_Mainaks_MacBook_Air_local_aHor, projectName=BrowserStack Sample}, platformName=IOS}], desiredCapabilities=Capabilities {appium:app: bs://444bd0308813ae0dc236f8..., appium:automationName: UIAutomator2, appium:browserstack.debug: true, appium:browserstack.testObservability: true, appium:build: Android, appium:deviceName: Samsung Galaxy S22 Ultra, appium:interactiveDebugging: true, appium:name: Bstack-[Java] Sample Test A..., appium:os_version: 12, appium:project: Android Project, browserVersion: null, bstack:options: {accessKey: xptzyxhTpgWqRzWZFZvX, browserVersion: null, browserstackSDK: testng-javaagent/1.12.7, buildIdentifier: #20, buildName: browserstack build, consoleLogs: errors, debug: true, deviceName: iPhone 14 Pro Max, hostName: Mainaks-MacBook-Air.local, local: true, localIdentifier: 11_Jan_1914_Mainaks_MacBook..., networkLogs: true, platformVersion: 16, projectName: BrowserStack Sample, source: java:appium-eclipse:v1.0.3, userName: mainakmukherjee_Qk5gaU}, platformName: IOS}}]
Capabilities {appium:app: bs://444bd0308813ae0dc236f8..., appium:automationName: UIAutomator2, appium:browserstack.debug: true, appium:browserstack.testObservability: true, appium:build: Android, appium:deviceName: Samsung Galaxy S22 Ultra, appium:interactiveDebugging: true, appium:name: Bstack-[Java] Sample Test A..., appium:os_version: 12, appium:project: Android Project, browserVersion: null, bstack:options: {accessKey: xptzyxhTpgWqRzWZFZvX, browserVersion: null, browserstackSDK: testng-javaagent/1.12.7, buildIdentifier: #20, buildName: browserstack build, consoleLogs: errors, debug: true, deviceName: iPhone 14 Pro Max, hostName: Mainaks-MacBook-Air.local, local: true, localIdentifier: 11_Jan_1914_Mainaks_MacBook..., networkLogs: true, platformVersion: 16, projectName: BrowserStack Sample, source: java:appium-eclipse:v1.0.3, userName: mainakmukherjee_Qk5gaU}, platformName: IOS}">
      <![CDATA[org.openqa.selenium.SessionNotCreatedException: Could not start a new session. Possible causes are invalid address of the remote server or browser start-up failure. 
Host info: host: 'Mainaks-MacBook-Air.local', ip: '2405:201:100f:388a:2568:57dd:1f3b:8f5d%en0'
Build info: version: '4.16.1', revision: '9b4c83354e'
System info: os.name: 'Mac OS X', os.arch: 'x86_64', os.version: '13.5.2', java.version: '17.0.4.1'
Driver info: io.appium.java_client.android.AndroidDriver
Command: [null, newSession {capabilities=[{appium:app=bs://444bd0308813ae0dc236f8cd461c02d3afa7901d, appium:automationName=UIAutomator2, appium:browserstack.debug=true, appium:browserstack.testObservability=true, appium:build=Android, appium:deviceName=Samsung Galaxy S22 Ultra, appium:interactiveDebugging=true, appium:name=Bstack-[Java] Sample Test Android, appium:os_version=12, appium:project=Android Project, browserVersion=null, bstack:options={browserstackSDK=testng-javaagent/1.12.7, hostName=Mainaks-MacBook-Air.local, buildName=browserstack build, debug=true, source=java:appium-eclipse:v1.0.3, userName=mainakmukherjee_Qk5gaU, buildIdentifier=#20, consoleLogs=errors, networkLogs=true, deviceName=iPhone 14 Pro Max, local=true, accessKey=xptzyxhTpgWqRzWZFZvX, browserVersion=null, platformVersion=16, localIdentifier=11_Jan_1914_Mainaks_MacBook_Air_local_aHor, projectName=BrowserStack Sample}, platformName=IOS}], desiredCapabilities=Capabilities {appium:app: bs://444bd0308813ae0dc236f8..., appium:automationName: UIAutomator2, appium:browserstack.debug: true, appium:browserstack.testObservability: true, appium:build: Android, appium:deviceName: Samsung Galaxy S22 Ultra, appium:interactiveDebugging: true, appium:name: Bstack-[Java] Sample Test A..., appium:os_version: 12, appium:project: Android Project, browserVersion: null, bstack:options: {accessKey: xptzyxhTpgWqRzWZFZvX, browserVersion: null, browserstackSDK: testng-javaagent/1.12.7, buildIdentifier: #20, buildName: browserstack build, consoleLogs: errors, debug: true, deviceName: iPhone 14 Pro Max, hostName: Mainaks-MacBook-Air.local, local: true, localIdentifier: 11_Jan_1914_Mainaks_MacBook..., networkLogs: true, platformVersion: 16, projectName: BrowserStack Sample, source: java:appium-eclipse:v1.0.3, userName: mainakmukherjee_Qk5gaU}, platformName: IOS}}]
Capabilities {appium:app: bs://444bd0308813ae0dc236f8..., appium:automationName: UIAutomator2, appium:browserstack.debug: true, appium:browserstack.testObservability: true, appium:build: Android, appium:deviceName: Samsung Galaxy S22 Ultra, appium:interactiveDebugging: true, appium:name: Bstack-[Java] Sample Test A..., appium:os_version: 12, appium:project: Android Project, browserVersion: null, bstack:options: {accessKey: xptzyxhTpgWqRzWZFZvX, browserVersion: null, browserstackSDK: testng-javaagent/1.12.7, buildIdentifier: #20, buildName: browserstack build, consoleLogs: errors, debug: true, deviceName: iPhone 14 Pro Max, hostName: Mainaks-MacBook-Air.local, local: true, localIdentifier: 11_Jan_1914_Mainaks_MacBook..., networkLogs: true, platformVersion: 16, projectName: BrowserStack Sample, source: java:appium-eclipse:v1.0.3, userName: mainakmukherjee_Qk5gaU}, platformName: IOS}
at org.openqa.selenium.remote.RemoteWebDriver.execute(RemoteWebDriver.java:541)
at io.appium.java_client.AppiumDriver.startSession(AppiumDriver.java:268)
at org.openqa.selenium.remote.RemoteWebDriver.<init>(RemoteWebDriver.java:164)
at io.appium.java_client.AppiumDriver.<init>(AppiumDriver.java:90)
at io.appium.java_client.AppiumDriver.<init>(AppiumDriver.java:102)
at io.appium.java_client.android.AndroidDriver.<init>(AndroidDriver.java:109)
at com.browserstact.poc.AndroidBase.setUp(AndroidBase.java:50)
at java.base/jdk.internal.reflect.NativeMethodAccessorImpl.invoke0(Native Method)
at java.base/jdk.internal.reflect.NativeMethodAccessorImpl.invoke(NativeMethodAccessorImpl.java:77)
at java.base/jdk.internal.reflect.DelegatingMethodAccessorImpl.invoke(DelegatingMethodAccessorImpl.java:43)
at java.base/java.lang.reflect.Method.invoke(Method.java:568)
at org.testng.internal.MethodInvocationHelper.invokeMethod(MethodInvocationHelper.java:133)
at org.testng.internal.MethodInvocationHelper.invokeMethodConsideringTimeout(MethodInvocationHelper.java:62)
at org.testng.internal.ConfigInvoker.invokeConfigurationMethod(ConfigInvoker.java:385)
at org.testng.internal.ConfigInvoker.invokeConfigurations(ConfigInvoker.java:321)
at org.testng.internal.TestInvoker.runConfigMethods(TestInvoker.java:700)
at org.testng.internal.TestInvoker.invokeMethod(TestInvoker.java:527)
at org.testng.internal.TestInvoker.invokeTestMethod(TestInvoker.java:173)
at org.testng.internal.MethodRunner.runInSequence(MethodRunner.java:46)
at org.testng.internal.TestInvoker$MethodInvocationAgent.invoke(TestInvoker.java:824)
at org.testng.internal.TestInvoker.invokeTestMethods(TestInvoker.java:146)
at org.testng.internal.TestMethodWorker.invokeTestMethods(TestMethodWorker.java:146)
at org.testng.internal.TestMethodWorker.run(TestMethodWorker.java:128)
at java.base/java.util.ArrayList.forEach(ArrayList.java:1511)
at org.testng.TestRunner.privateRun(TestRunner.java:794)
at org.testng.TestRunner.run(TestRunner.java:596)
at org.testng.SuiteRunner.runTest(SuiteRunner.java:377)
at org.testng.SuiteRunner.access$000(SuiteRunner.java:28)
at org.testng.SuiteRunner$SuiteWorker.run(SuiteRunner.java:418)
at org.testng.internal.thread.ThreadUtil.lambda$execute$0(ThreadUtil.java:64)
at java.base/java.util.concurrent.FutureTask.run(FutureTask.java:264)
at java.base/java.util.concurrent.ThreadPoolExecutor.runWorker(ThreadPoolExecutor.java:1136)
at java.base/java.util.concurrent.ThreadPoolExecutor$Worker.run(ThreadPoolExecutor.java:635)
at java.base/java.lang.Thread.run(Thread.java:833)
Caused by: java.lang.ClassCastException: class com.google.common.collect.RegularImmutableMap cannot be cast to class org.openqa.selenium.Capabilities (com.google.common.collect.RegularImmutableMap and org.openqa.selenium.Capabilities are in unnamed module of loader 'app')
at java.base/java.util.stream.ReferencePipeline$3$1.accept(ReferencePipeline.java:197)
at java.base/java.util.Iterator.forEachRemaining(Iterator.java:133)
at java.base/java.util.Spliterators$IteratorSpliterator.forEachRemaining(Spliterators.java:1845)
at java.base/java.util.stream.AbstractPipeline.copyInto(AbstractPipeline.java:509)
at java.base/java.util.stream.AbstractPipeline.wrapAndCopyInto(AbstractPipeline.java:499)
at java.base/java.util.stream.ReduceOps$ReduceOp.evaluateSequential(ReduceOps.java:921)
at java.base/java.util.stream.AbstractPipeline.evaluate(AbstractPipeline.java:234)
at java.base/java.util.stream.ReferencePipeline.collect(ReferencePipeline.java:682)
at org.openqa.selenium.remote.NewSessionPayload.create(NewSessionPayload.java:116)
at org.openqa.selenium.remote.ProtocolHandshake.createSession(ProtocolHandshake.java:67)
at org.openqa.selenium.remote.HttpCommandExecutor.execute(HttpCommandExecutor.java:163)
at org.openqa.selenium.remote.RemoteWebDriver.execute(RemoteWebDriver.java:523)
... 33 more
]]>
    </failure>
  </testcase> <!-- @BeforeMethod setUp -->
  <testcase classname="com.browserstact.poc.AndroidBase" name="@AfterMethod tearDown" time="-1.704980682916E9">
    <skipped/>
  </testcase> <!-- @AfterMethod tearDown -->
  <testcase classname="com.browserstact.poc.AndroidTestCases" name="tc_001" time="0.0">
    <skipped/>
  </testcase> <!-- tc_001 -->
  <testcase classname="com.browserstact.poc.AndroidTestCases" name="tc_002" time="0.0">
    <ignored/>
  </testcase> <!-- tc_002 -->
  <testcase classname="com.browserstact.poc.AndroidTestCases" name="tc_003" time="0.0">
    <ignored/>
  </testcase> <!-- tc_003 -->
  <testcase classname="com.browserstact.poc.AndroidTestCases" name="tc_004_wiki" time="0.0">
    <ignored/>
  </testcase> <!-- tc_004_wiki -->
</testsuite> <!-- Default test-0 -->
