<html>
<head>
<title>TestNG:  Default test-0</title>
<link href="../testng.css" rel="stylesheet" type="text/css" />
<link href="../my-testng.css" rel="stylesheet" type="text/css" />

<style type="text/css">
.log { display: none;} 
.stack-trace { display: none;} 
</style>
<script type="text/javascript">
<!--
function flip(e) {
  current = e.style.display;
  if (current == 'block') {
    e.style.display = 'none';
    return 0;
  }
  else {
    e.style.display = 'block';
    return 1;
  }
}

function toggleBox(szDivId, elem, msg1, msg2)
{
  var res = -1;  if (document.getElementById) {
    res = flip(document.getElementById(szDivId));
  }
  else if (document.all) {
    // this is the way old msie versions work
    res = flip(document.all[szDivId]);
  }
  if(elem) {
    if(res == 0) elem.innerHTML = msg1; else elem.innerHTML = msg2;
  }

}

function toggleAllBoxes() {
  if (document.getElementsByTagName) {
    d = document.getElementsByTagName('div');
    for (i = 0; i < d.length; i++) {
      if (d[i].className == 'log') {
        flip(d[i]);
      }
    }
  }
}

// -->
</script>

</head>
<body>
<h2 align='center'>Default test-0</h2><table border='1' align="center">
<tr>
<td>Tests passed/Failed/Skipped:</td><td>0/0/1</td>
</tr><tr>
<td>Started on:</td><td>Thu Jan 11 19:14:41 IST 2024</td>
</tr>
<tr><td>Total time:</td><td>1 seconds (1603 ms)</td>
</tr><tr>
<td>Included groups:</td><td></td>
</tr><tr>
<td>Excluded groups:</td><td></td>
</tr>
</table><p/>
<small><i>(Hover the method name to see the test class name)</i></small><p/>
<table width='100%' border='1' class='invocation-failed'>
<tr><td colspan='4' align='center'><b>FAILED CONFIGURATIONS</b></td></tr>
<tr><td><b>Test method</b></td>
<td width="30%"><b>Exception</b></td>
<td width="10%"><b>Time (seconds)</b></td>
<td><b>Instance</b></td>
</tr>
<tr>
<td title='com.browserstact.poc.AndroidTestCases.setUp()'><b>setUp</b><br>Test class: com.browserstact.poc.AndroidTestCases</td>
<td><div><pre>org.openqa.selenium.SessionNotCreatedException: Could not start a new session. Possible causes are invalid address of the remote server or browser start-up failure. 
Host info: host: &apos;Mainaks-MacBook-Air.local&apos;, ip: &apos;2405:201:100f:388a:2568:57dd:1f3b:8f5d%en0&apos;
Build info: version: &apos;4.16.1&apos;, revision: &apos;9b4c83354e&apos;
System info: os.name: &apos;Mac OS X&apos;, os.arch: &apos;x86_64&apos;, os.version: &apos;13.5.2&apos;, java.version: &apos;17.0.4.1&apos;
Driver info: io.appium.java_client.android.AndroidDriver
Command: [null, newSession {capabilities=[{appium:app=bs://444bd0308813ae0dc236f8cd461c02d3afa7901d, appium:automationName=UIAutomator2, appium:browserstack.debug=true, appium:browserstack.testObservability=true, appium:build=Android, appium:deviceName=Samsung Galaxy S22 Ultra, appium:interactiveDebugging=true, appium:name=Bstack-[Java] Sample Test Android, appium:os_version=12, appium:project=Android Project, browserVersion=null, bstack:options={browserstackSDK=testng-javaagent/1.12.7, hostName=Mainaks-MacBook-Air.local, buildName=browserstack build, debug=true, source=java:appium-eclipse:v1.0.3, userName=mainakmukherjee_Qk5gaU, buildIdentifier=#20, consoleLogs=errors, networkLogs=true, deviceName=iPhone 14 Pro Max, local=true, accessKey=xptzyxhTpgWqRzWZFZvX, browserVersion=null, platformVersion=16, localIdentifier=11_Jan_1914_Mainaks_MacBook_Air_local_aHor, projectName=BrowserStack Sample}, platformName=IOS}], desiredCapabilities=Capabilities {appium:app: bs://444bd0308813ae0dc236f8..., appium:automationName: UIAutomator2, appium:browserstack.debug: true, appium:browserstack.testObservability: true, appium:build: Android, appium:deviceName: Samsung Galaxy S22 Ultra, appium:interactiveDebugging: true, appium:name: Bstack-[Java] Sample Test A..., appium:os_version: 12, appium:project: Android Project, browserVersion: null, bstack:options: {accessKey: xptzyxhTpgWqRzWZFZvX, browserVersion: null, browserstackSDK: testng-javaagent/1.12.7, buildIdentifier: #20, buildName: browserstack build, consoleLogs: errors, debug: true, deviceName: iPhone 14 Pro Max, hostName: Mainaks-MacBook-Air.local, local: true, localIdentifier: 11_Jan_1914_Mainaks_MacBook..., networkLogs: true, platformVersion: 16, projectName: BrowserStack Sample, source: java:appium-eclipse:v1.0.3, userName: mainakmukherjee_Qk5gaU}, platformName: IOS}}]
Capabilities {appium:app: bs://444bd0308813ae0dc236f8..., appium:automationName: UIAutomator2, appium:browserstack.debug: true, appium:browserstack.testObservability: true, appium:build: Android, appium:deviceName: Samsung Galaxy S22 Ultra, appium:interactiveDebugging: true, appium:name: Bstack-[Java] Sample Test A..., appium:os_version: 12, appium:project: Android Project, browserVersion: null, bstack:options: {accessKey: xptzyxhTpgWqRzWZFZvX, browserVersion: null, browserstackSDK: testng-javaagent/1.12.7, buildIdentifier: #20, buildName: browserstack build, consoleLogs: errors, debug: true, deviceName: iPhone 14 Pro Max, hostName: Mainaks-MacBook-Air.local, local: true, localIdentifier: 11_Jan_1914_Mainaks_MacBook..., networkLogs: true, platformVersion: 16, projectName: BrowserStack Sample, source: java:appium-eclipse:v1.0.3, userName: mainakmukherjee_Qk5gaU}, platformName: IOS}
	at org.openqa.selenium.remote.RemoteWebDriver.execute(RemoteWebDriver.java:541)
	at io.appium.java_client.AppiumDriver.startSession(AppiumDriver.java:268)
	at org.openqa.selenium.remote.RemoteWebDriver.&lt;init&gt;(RemoteWebDriver.java:164)
	at io.appium.java_client.AppiumDriver.&lt;init&gt;(AppiumDriver.java:90)
	at io.appium.java_client.AppiumDriver.&lt;init&gt;(AppiumDriver.java:102)
	at io.appium.java_client.android.AndroidDriver.&lt;init&gt;(AndroidDriver.java:109)
	at com.browserstact.poc.AndroidBase.setUp(AndroidBase.java:50)
	at java.base/jdk.internal.reflect.NativeMethodAccessorImpl.invoke0(Native Method)
	at java.base/jdk.internal.reflect.NativeMethodAccessorImpl.invoke(NativeMethodAccessorImpl.java:77)
	at java.base/jdk.internal.reflect.DelegatingMethodAccessorImpl.invoke(DelegatingMethodAccessorImpl.java:43)
	at java.base/java.lang.reflect.Method.invoke(Method.java:568)
	at org.testng.internal.MethodInvocationHelper.invokeMethod(MethodInvocationHelper.java:133)
	at org.testng.internal.MethodInvocationHelper.invokeMethodConsideringTimeout(MethodInvocationHelper.java:62)
	at org.testng.internal.ConfigInvoker.invokeConfigurationMethod(ConfigInvoker.java:385)
	at org.testng.internal.ConfigInvoker.invokeConfigurations(ConfigInvoker.java:321)
	at org.testng.internal.TestInvoker.runConfigMethods(TestInvoker.java:700)
	at org.testng.internal.TestInvoker.invokeMethod(TestInvoker.java:527)
	at org.testng.internal.TestInvoker.invokeTestMethod(TestInvoker.java:173)
	at org.testng.internal.MethodRunner.runInSequence(MethodRunner.java:46)
	at org.testng.internal.TestInvoker$MethodInvocationAgent.invoke(TestInvoker.java:824)
	at org.testng.internal.TestInvoker.invokeTestMethods(TestInvoker.java:146)
	at org.testng.internal.TestMethodWorker.invokeTestMethods(TestMethodWorker.java:146)
	at org.testng.internal.TestMethodWorker.run(TestMethodWorker.java:128)
	at java.base/java.util.ArrayList.forEach(ArrayList.java:1511)
	at org.testng.TestRunner.privateRun(TestRunner.java:794)
	at org.testng.TestRunner.run(TestRunner.java:596)
	at org.testng.SuiteRunner.runTest(SuiteRunner.java:377)
	at org.testng.SuiteRunner.access$000(SuiteRunner.java:28)
	at org.testng.SuiteRunner$SuiteWorker.run(SuiteRunner.java:418)
	at org.testng.internal.thread.ThreadUtil.lambda$execute$0(ThreadUtil.java:64)
	at java.base/java.util.concurrent.FutureTask.run(FutureTask.java:264)
	at java.base/java.util.concurrent.ThreadPoolExecutor.runWorker(ThreadPoolExecutor.java:1136)
	at java.base/java.util.concurrent.ThreadPoolExecutor$Worker.run(ThreadPoolExecutor.java:635)
	at java.base/java.lang.Thread.run(Thread.java:833)
Caused by: java.lang.ClassCastException: class com.google.common.collect.RegularImmutableMap cannot be cast to class org.openqa.selenium.Capabilities (com.google.common.collect.RegularImmutableMap and org.openqa.selenium.Capabilities are in unnamed module of loader &apos;app&apos;)
	at java.base/java.util.stream.ReferencePipeline$3$1.accept(ReferencePipeline.java:197)
	at java.base/java.util.Iterator.forEachRemaining(Iterator.java:133)
	at java.base/java.util.Spliterators$IteratorSpliterator.forEachRemaining(Spliterators.java:1845)
	at java.base/java.util.stream.AbstractPipeline.copyInto(AbstractPipeline.java:509)
	at java.base/java.util.stream.AbstractPipeline.wrapAndCopyInto(AbstractPipeline.java:499)
	at java.base/java.util.stream.ReduceOps$ReduceOp.evaluateSequential(ReduceOps.java:921)
	at java.base/java.util.stream.AbstractPipeline.evaluate(AbstractPipeline.java:234)
	at java.base/java.util.stream.ReferencePipeline.collect(ReferencePipeline.java:682)
	at org.openqa.selenium.remote.NewSessionPayload.create(NewSessionPayload.java:116)
	at org.openqa.selenium.remote.ProtocolHandshake.createSession(ProtocolHandshake.java:67)
	at org.openqa.selenium.remote.HttpCommandExecutor.execute(HttpCommandExecutor.java:163)
	at org.openqa.selenium.remote.RemoteWebDriver.execute(RemoteWebDriver.java:523)
	... 33 more
</pre></div><a href='#' onClick='toggleBox("stack-trace54973029", this, "Click to show all stack frames", "Click to hide stack frames")'>Click to show all stack frames</a>
<div class='stack-trace' id='stack-trace54973029'><pre>org.openqa.selenium.SessionNotCreatedException: Could not start a new session. Possible causes are invalid address of the remote server or browser start-up failure. 
Host info: host: &apos;Mainaks-MacBook-Air.local&apos;, ip: &apos;2405:201:100f:388a:2568:57dd:1f3b:8f5d%en0&apos;
Build info: version: &apos;4.16.1&apos;, revision: &apos;9b4c83354e&apos;
System info: os.name: &apos;Mac OS X&apos;, os.arch: &apos;x86_64&apos;, os.version: &apos;13.5.2&apos;, java.version: &apos;17.0.4.1&apos;
Driver info: io.appium.java_client.android.AndroidDriver
Command: [null, newSession {capabilities=[{appium:app=bs://444bd0308813ae0dc236f8cd461c02d3afa7901d, appium:automationName=UIAutomator2, appium:browserstack.debug=true, appium:browserstack.testObservability=true, appium:build=Android, appium:deviceName=Samsung Galaxy S22 Ultra, appium:interactiveDebugging=true, appium:name=Bstack-[Java] Sample Test Android, appium:os_version=12, appium:project=Android Project, browserVersion=null, bstack:options={browserstackSDK=testng-javaagent/1.12.7, hostName=Mainaks-MacBook-Air.local, buildName=browserstack build, debug=true, source=java:appium-eclipse:v1.0.3, userName=mainakmukherjee_Qk5gaU, buildIdentifier=#20, consoleLogs=errors, networkLogs=true, deviceName=iPhone 14 Pro Max, local=true, accessKey=xptzyxhTpgWqRzWZFZvX, browserVersion=null, platformVersion=16, localIdentifier=11_Jan_1914_Mainaks_MacBook_Air_local_aHor, projectName=BrowserStack Sample}, platformName=IOS}], desiredCapabilities=Capabilities {appium:app: bs://444bd0308813ae0dc236f8..., appium:automationName: UIAutomator2, appium:browserstack.debug: true, appium:browserstack.testObservability: true, appium:build: Android, appium:deviceName: Samsung Galaxy S22 Ultra, appium:interactiveDebugging: true, appium:name: Bstack-[Java] Sample Test A..., appium:os_version: 12, appium:project: Android Project, browserVersion: null, bstack:options: {accessKey: xptzyxhTpgWqRzWZFZvX, browserVersion: null, browserstackSDK: testng-javaagent/1.12.7, buildIdentifier: #20, buildName: browserstack build, consoleLogs: errors, debug: true, deviceName: iPhone 14 Pro Max, hostName: Mainaks-MacBook-Air.local, local: true, localIdentifier: 11_Jan_1914_Mainaks_MacBook..., networkLogs: true, platformVersion: 16, projectName: BrowserStack Sample, source: java:appium-eclipse:v1.0.3, userName: mainakmukherjee_Qk5gaU}, platformName: IOS}}]
Capabilities {appium:app: bs://444bd0308813ae0dc236f8..., appium:automationName: UIAutomator2, appium:browserstack.debug: true, appium:browserstack.testObservability: true, appium:build: Android, appium:deviceName: Samsung Galaxy S22 Ultra, appium:interactiveDebugging: true, appium:name: Bstack-[Java] Sample Test A..., appium:os_version: 12, appium:project: Android Project, browserVersion: null, bstack:options: {accessKey: xptzyxhTpgWqRzWZFZvX, browserVersion: null, browserstackSDK: testng-javaagent/1.12.7, buildIdentifier: #20, buildName: browserstack build, consoleLogs: errors, debug: true, deviceName: iPhone 14 Pro Max, hostName: Mainaks-MacBook-Air.local, local: true, localIdentifier: 11_Jan_1914_Mainaks_MacBook..., networkLogs: true, platformVersion: 16, projectName: BrowserStack Sample, source: java:appium-eclipse:v1.0.3, userName: mainakmukherjee_Qk5gaU}, platformName: IOS}
	at org.openqa.selenium.remote.RemoteWebDriver.execute(RemoteWebDriver.java:541)
	at io.appium.java_client.AppiumDriver.startSession(AppiumDriver.java:268)
	at org.openqa.selenium.remote.RemoteWebDriver.&lt;init&gt;(RemoteWebDriver.java:164)
	at io.appium.java_client.AppiumDriver.&lt;init&gt;(AppiumDriver.java:90)
	at io.appium.java_client.AppiumDriver.&lt;init&gt;(AppiumDriver.java:102)
	at io.appium.java_client.android.AndroidDriver.&lt;init&gt;(AndroidDriver.java:109)
	at com.browserstact.poc.AndroidBase.setUp(AndroidBase.java:50)
	at java.base/jdk.internal.reflect.NativeMethodAccessorImpl.invoke0(Native Method)
	at java.base/jdk.internal.reflect.NativeMethodAccessorImpl.invoke(NativeMethodAccessorImpl.java:77)
	at java.base/jdk.internal.reflect.DelegatingMethodAccessorImpl.invoke(DelegatingMethodAccessorImpl.java:43)
	at java.base/java.lang.reflect.Method.invoke(Method.java:568)
	at org.testng.internal.MethodInvocationHelper.invokeMethod(MethodInvocationHelper.java:133)
	at org.testng.internal.MethodInvocationHelper.invokeMethodConsideringTimeout(MethodInvocationHelper.java:62)
	at org.testng.internal.ConfigInvoker.invokeConfigurationMethod(ConfigInvoker.java:385)
	at org.testng.internal.ConfigInvoker.invokeConfigurations(ConfigInvoker.java:321)
	at org.testng.internal.TestInvoker.runConfigMethods(TestInvoker.java:700)
	at org.testng.internal.TestInvoker.invokeMethod(TestInvoker.java:527)
	at org.testng.internal.TestInvoker.invokeTestMethod(TestInvoker.java:173)
	at org.testng.internal.MethodRunner.runInSequence(MethodRunner.java:46)
	at org.testng.internal.TestInvoker$MethodInvocationAgent.invoke(TestInvoker.java:824)
	at org.testng.internal.TestInvoker.invokeTestMethods(TestInvoker.java:146)
	at org.testng.internal.TestMethodWorker.invokeTestMethods(TestMethodWorker.java:146)
	at org.testng.internal.TestMethodWorker.run(TestMethodWorker.java:128)
	at java.base/java.util.ArrayList.forEach(ArrayList.java:1511)
	at org.testng.TestRunner.privateRun(TestRunner.java:794)
	at org.testng.TestRunner.run(TestRunner.java:596)
	at org.testng.SuiteRunner.runTest(SuiteRunner.java:377)
	at org.testng.SuiteRunner.access$000(SuiteRunner.java:28)
	at org.testng.SuiteRunner$SuiteWorker.run(SuiteRunner.java:418)
	at org.testng.internal.thread.ThreadUtil.lambda$execute$0(ThreadUtil.java:64)
	at java.base/java.util.concurrent.FutureTask.run(FutureTask.java:264)
	at java.base/java.util.concurrent.ThreadPoolExecutor.runWorker(ThreadPoolExecutor.java:1136)
	at java.base/java.util.concurrent.ThreadPoolExecutor$Worker.run(ThreadPoolExecutor.java:635)
	at java.base/java.lang.Thread.run(Thread.java:833)
Caused by: java.lang.ClassCastException: class com.google.common.collect.RegularImmutableMap cannot be cast to class org.openqa.selenium.Capabilities (com.google.common.collect.RegularImmutableMap and org.openqa.selenium.Capabilities are in unnamed module of loader &apos;app&apos;)
	at java.base/java.util.stream.ReferencePipeline$3$1.accept(ReferencePipeline.java:197)
	at java.base/java.util.Iterator.forEachRemaining(Iterator.java:133)
	at java.base/java.util.Spliterators$IteratorSpliterator.forEachRemaining(Spliterators.java:1845)
	at java.base/java.util.stream.AbstractPipeline.copyInto(AbstractPipeline.java:509)
	at java.base/java.util.stream.AbstractPipeline.wrapAndCopyInto(AbstractPipeline.java:499)
	at java.base/java.util.stream.ReduceOps$ReduceOp.evaluateSequential(ReduceOps.java:921)
	at java.base/java.util.stream.AbstractPipeline.evaluate(AbstractPipeline.java:234)
	at java.base/java.util.stream.ReferencePipeline.collect(ReferencePipeline.java:682)
	at org.openqa.selenium.remote.NewSessionPayload.create(NewSessionPayload.java:116)
	at org.openqa.selenium.remote.ProtocolHandshake.createSession(ProtocolHandshake.java:67)
	at org.openqa.selenium.remote.HttpCommandExecutor.execute(HttpCommandExecutor.java:163)
	at org.openqa.selenium.remote.RemoteWebDriver.execute(RemoteWebDriver.java:523)
	... 33 more
</pre></div></td>
<td>0</td>
<td>com.browserstact.poc.AndroidTestCases@2e1af49b</td></tr>
</table><p>
<table width='100%' border='1' class='invocation-skipped'>
<tr><td colspan='4' align='center'><b>SKIPPED CONFIGURATIONS</b></td></tr>
<tr><td><b>Test method</b></td>
<td width="30%"><b>Exception</b></td>
<td width="10%"><b>Time (seconds)</b></td>
<td><b>Instance</b></td>
</tr>
<tr>
<td title='com.browserstact.poc.AndroidTestCases.tearDown()'><b>tearDown</b><br>Test class: com.browserstact.poc.AndroidTestCases</td>
<td></td>
<td>-1704980682</td>
<td>com.browserstact.poc.AndroidTestCases@2e1af49b</td></tr>
</table><p>
<table width='100%' border='1' class='invocation-skipped'>
<tr><td colspan='4' align='center'><b>SKIPPED TESTS</b></td></tr>
<tr><td><b>Test method</b></td>
<td width="30%"><b>Exception</b></td>
<td width="10%"><b>Time (seconds)</b></td>
<td><b>Instance</b></td>
</tr>
<tr>
<td title='com.browserstact.poc.AndroidTestCases.tc_001()'><b>tc_001</b><br>Test class: com.browserstact.poc.AndroidTestCases</td>
<td><div><pre>org.openqa.selenium.SessionNotCreatedException: Could not start a new session. Possible causes are invalid address of the remote server or browser start-up failure. 
Host info: host: &apos;Mainaks-MacBook-Air.local&apos;, ip: &apos;2405:201:100f:388a:2568:57dd:1f3b:8f5d%en0&apos;
Build info: version: &apos;4.16.1&apos;, revision: &apos;9b4c83354e&apos;
System info: os.name: &apos;Mac OS X&apos;, os.arch: &apos;x86_64&apos;, os.version: &apos;13.5.2&apos;, java.version: &apos;17.0.4.1&apos;
Driver info: io.appium.java_client.android.AndroidDriver
Command: [null, newSession {capabilities=[{appium:app=bs://444bd0308813ae0dc236f8cd461c02d3afa7901d, appium:automationName=UIAutomator2, appium:browserstack.debug=true, appium:browserstack.testObservability=true, appium:build=Android, appium:deviceName=Samsung Galaxy S22 Ultra, appium:interactiveDebugging=true, appium:name=Bstack-[Java] Sample Test Android, appium:os_version=12, appium:project=Android Project, browserVersion=null, bstack:options={browserstackSDK=testng-javaagent/1.12.7, hostName=Mainaks-MacBook-Air.local, buildName=browserstack build, debug=true, source=java:appium-eclipse:v1.0.3, userName=mainakmukherjee_Qk5gaU, buildIdentifier=#20, consoleLogs=errors, networkLogs=true, deviceName=iPhone 14 Pro Max, local=true, accessKey=xptzyxhTpgWqRzWZFZvX, browserVersion=null, platformVersion=16, localIdentifier=11_Jan_1914_Mainaks_MacBook_Air_local_aHor, projectName=BrowserStack Sample}, platformName=IOS}], desiredCapabilities=Capabilities {appium:app: bs://444bd0308813ae0dc236f8..., appium:automationName: UIAutomator2, appium:browserstack.debug: true, appium:browserstack.testObservability: true, appium:build: Android, appium:deviceName: Samsung Galaxy S22 Ultra, appium:interactiveDebugging: true, appium:name: Bstack-[Java] Sample Test A..., appium:os_version: 12, appium:project: Android Project, browserVersion: null, bstack:options: {accessKey: xptzyxhTpgWqRzWZFZvX, browserVersion: null, browserstackSDK: testng-javaagent/1.12.7, buildIdentifier: #20, buildName: browserstack build, consoleLogs: errors, debug: true, deviceName: iPhone 14 Pro Max, hostName: Mainaks-MacBook-Air.local, local: true, localIdentifier: 11_Jan_1914_Mainaks_MacBook..., networkLogs: true, platformVersion: 16, projectName: BrowserStack Sample, source: java:appium-eclipse:v1.0.3, userName: mainakmukherjee_Qk5gaU}, platformName: IOS}}]
Capabilities {appium:app: bs://444bd0308813ae0dc236f8..., appium:automationName: UIAutomator2, appium:browserstack.debug: true, appium:browserstack.testObservability: true, appium:build: Android, appium:deviceName: Samsung Galaxy S22 Ultra, appium:interactiveDebugging: true, appium:name: Bstack-[Java] Sample Test A..., appium:os_version: 12, appium:project: Android Project, browserVersion: null, bstack:options: {accessKey: xptzyxhTpgWqRzWZFZvX, browserVersion: null, browserstackSDK: testng-javaagent/1.12.7, buildIdentifier: #20, buildName: browserstack build, consoleLogs: errors, debug: true, deviceName: iPhone 14 Pro Max, hostName: Mainaks-MacBook-Air.local, local: true, localIdentifier: 11_Jan_1914_Mainaks_MacBook..., networkLogs: true, platformVersion: 16, projectName: BrowserStack Sample, source: java:appium-eclipse:v1.0.3, userName: mainakmukherjee_Qk5gaU}, platformName: IOS}
	at org.openqa.selenium.remote.RemoteWebDriver.execute(RemoteWebDriver.java:541)
	at io.appium.java_client.AppiumDriver.startSession(AppiumDriver.java:268)
	at org.openqa.selenium.remote.RemoteWebDriver.&lt;init&gt;(RemoteWebDriver.java:164)
	at io.appium.java_client.AppiumDriver.&lt;init&gt;(AppiumDriver.java:90)
	at io.appium.java_client.AppiumDriver.&lt;init&gt;(AppiumDriver.java:102)
	at io.appium.java_client.android.AndroidDriver.&lt;init&gt;(AndroidDriver.java:109)
	at com.browserstact.poc.AndroidBase.setUp(AndroidBase.java:50)
	at java.base/jdk.internal.reflect.NativeMethodAccessorImpl.invoke0(Native Method)
	at java.base/jdk.internal.reflect.NativeMethodAccessorImpl.invoke(NativeMethodAccessorImpl.java:77)
	at java.base/jdk.internal.reflect.DelegatingMethodAccessorImpl.invoke(DelegatingMethodAccessorImpl.java:43)
	at java.base/java.lang.reflect.Method.invoke(Method.java:568)
	at org.testng.internal.MethodInvocationHelper.invokeMethod(MethodInvocationHelper.java:133)
	at org.testng.internal.MethodInvocationHelper.invokeMethodConsideringTimeout(MethodInvocationHelper.java:62)
	at org.testng.internal.ConfigInvoker.invokeConfigurationMethod(ConfigInvoker.java:385)
	at org.testng.internal.ConfigInvoker.invokeConfigurations(ConfigInvoker.java:321)
	at org.testng.internal.TestInvoker.runConfigMethods(TestInvoker.java:700)
	at org.testng.internal.TestInvoker.invokeMethod(TestInvoker.java:527)
	at org.testng.internal.TestInvoker.invokeTestMethod(TestInvoker.java:173)
	at org.testng.internal.MethodRunner.runInSequence(MethodRunner.java:46)
	at org.testng.internal.TestInvoker$MethodInvocationAgent.invoke(TestInvoker.java:824)
	at org.testng.internal.TestInvoker.invokeTestMethods(TestInvoker.java:146)
	at org.testng.internal.TestMethodWorker.invokeTestMethods(TestMethodWorker.java:146)
	at org.testng.internal.TestMethodWorker.run(TestMethodWorker.java:128)
	at java.base/java.util.ArrayList.forEach(ArrayList.java:1511)
	at org.testng.TestRunner.privateRun(TestRunner.java:794)
	at org.testng.TestRunner.run(TestRunner.java:596)
	at org.testng.SuiteRunner.runTest(SuiteRunner.java:377)
	at org.testng.SuiteRunner.access$000(SuiteRunner.java:28)
	at org.testng.SuiteRunner$SuiteWorker.run(SuiteRunner.java:418)
	at org.testng.internal.thread.ThreadUtil.lambda$execute$0(ThreadUtil.java:64)
	at java.base/java.util.concurrent.FutureTask.run(FutureTask.java:264)
	at java.base/java.util.concurrent.ThreadPoolExecutor.runWorker(ThreadPoolExecutor.java:1136)
	at java.base/java.util.concurrent.ThreadPoolExecutor$Worker.run(ThreadPoolExecutor.java:635)
	at java.base/java.lang.Thread.run(Thread.java:833)
Caused by: java.lang.ClassCastException: class com.google.common.collect.RegularImmutableMap cannot be cast to class org.openqa.selenium.Capabilities (com.google.common.collect.RegularImmutableMap and org.openqa.selenium.Capabilities are in unnamed module of loader &apos;app&apos;)
	at java.base/java.util.stream.ReferencePipeline$3$1.accept(ReferencePipeline.java:197)
	at java.base/java.util.Iterator.forEachRemaining(Iterator.java:133)
	at java.base/java.util.Spliterators$IteratorSpliterator.forEachRemaining(Spliterators.java:1845)
	at java.base/java.util.stream.AbstractPipeline.copyInto(AbstractPipeline.java:509)
	at java.base/java.util.stream.AbstractPipeline.wrapAndCopyInto(AbstractPipeline.java:499)
	at java.base/java.util.stream.ReduceOps$ReduceOp.evaluateSequential(ReduceOps.java:921)
	at java.base/java.util.stream.AbstractPipeline.evaluate(AbstractPipeline.java:234)
	at java.base/java.util.stream.ReferencePipeline.collect(ReferencePipeline.java:682)
	at org.openqa.selenium.remote.NewSessionPayload.create(NewSessionPayload.java:116)
	at org.openqa.selenium.remote.ProtocolHandshake.createSession(ProtocolHandshake.java:67)
	at org.openqa.selenium.remote.HttpCommandExecutor.execute(HttpCommandExecutor.java:163)
	at org.openqa.selenium.remote.RemoteWebDriver.execute(RemoteWebDriver.java:523)
	... 33 more
</pre></div><a href='#' onClick='toggleBox("stack-trace489117648", this, "Click to show all stack frames", "Click to hide stack frames")'>Click to show all stack frames</a>
<div class='stack-trace' id='stack-trace489117648'><pre>org.openqa.selenium.SessionNotCreatedException: Could not start a new session. Possible causes are invalid address of the remote server or browser start-up failure. 
Host info: host: &apos;Mainaks-MacBook-Air.local&apos;, ip: &apos;2405:201:100f:388a:2568:57dd:1f3b:8f5d%en0&apos;
Build info: version: &apos;4.16.1&apos;, revision: &apos;9b4c83354e&apos;
System info: os.name: &apos;Mac OS X&apos;, os.arch: &apos;x86_64&apos;, os.version: &apos;13.5.2&apos;, java.version: &apos;17.0.4.1&apos;
Driver info: io.appium.java_client.android.AndroidDriver
Command: [null, newSession {capabilities=[{appium:app=bs://444bd0308813ae0dc236f8cd461c02d3afa7901d, appium:automationName=UIAutomator2, appium:browserstack.debug=true, appium:browserstack.testObservability=true, appium:build=Android, appium:deviceName=Samsung Galaxy S22 Ultra, appium:interactiveDebugging=true, appium:name=Bstack-[Java] Sample Test Android, appium:os_version=12, appium:project=Android Project, browserVersion=null, bstack:options={browserstackSDK=testng-javaagent/1.12.7, hostName=Mainaks-MacBook-Air.local, buildName=browserstack build, debug=true, source=java:appium-eclipse:v1.0.3, userName=mainakmukherjee_Qk5gaU, buildIdentifier=#20, consoleLogs=errors, networkLogs=true, deviceName=iPhone 14 Pro Max, local=true, accessKey=xptzyxhTpgWqRzWZFZvX, browserVersion=null, platformVersion=16, localIdentifier=11_Jan_1914_Mainaks_MacBook_Air_local_aHor, projectName=BrowserStack Sample}, platformName=IOS}], desiredCapabilities=Capabilities {appium:app: bs://444bd0308813ae0dc236f8..., appium:automationName: UIAutomator2, appium:browserstack.debug: true, appium:browserstack.testObservability: true, appium:build: Android, appium:deviceName: Samsung Galaxy S22 Ultra, appium:interactiveDebugging: true, appium:name: Bstack-[Java] Sample Test A..., appium:os_version: 12, appium:project: Android Project, browserVersion: null, bstack:options: {accessKey: xptzyxhTpgWqRzWZFZvX, browserVersion: null, browserstackSDK: testng-javaagent/1.12.7, buildIdentifier: #20, buildName: browserstack build, consoleLogs: errors, debug: true, deviceName: iPhone 14 Pro Max, hostName: Mainaks-MacBook-Air.local, local: true, localIdentifier: 11_Jan_1914_Mainaks_MacBook..., networkLogs: true, platformVersion: 16, projectName: BrowserStack Sample, source: java:appium-eclipse:v1.0.3, userName: mainakmukherjee_Qk5gaU}, platformName: IOS}}]
Capabilities {appium:app: bs://444bd0308813ae0dc236f8..., appium:automationName: UIAutomator2, appium:browserstack.debug: true, appium:browserstack.testObservability: true, appium:build: Android, appium:deviceName: Samsung Galaxy S22 Ultra, appium:interactiveDebugging: true, appium:name: Bstack-[Java] Sample Test A..., appium:os_version: 12, appium:project: Android Project, browserVersion: null, bstack:options: {accessKey: xptzyxhTpgWqRzWZFZvX, browserVersion: null, browserstackSDK: testng-javaagent/1.12.7, buildIdentifier: #20, buildName: browserstack build, consoleLogs: errors, debug: true, deviceName: iPhone 14 Pro Max, hostName: Mainaks-MacBook-Air.local, local: true, localIdentifier: 11_Jan_1914_Mainaks_MacBook..., networkLogs: true, platformVersion: 16, projectName: BrowserStack Sample, source: java:appium-eclipse:v1.0.3, userName: mainakmukherjee_Qk5gaU}, platformName: IOS}
	at org.openqa.selenium.remote.RemoteWebDriver.execute(RemoteWebDriver.java:541)
	at io.appium.java_client.AppiumDriver.startSession(AppiumDriver.java:268)
	at org.openqa.selenium.remote.RemoteWebDriver.&lt;init&gt;(RemoteWebDriver.java:164)
	at io.appium.java_client.AppiumDriver.&lt;init&gt;(AppiumDriver.java:90)
	at io.appium.java_client.AppiumDriver.&lt;init&gt;(AppiumDriver.java:102)
	at io.appium.java_client.android.AndroidDriver.&lt;init&gt;(AndroidDriver.java:109)
	at com.browserstact.poc.AndroidBase.setUp(AndroidBase.java:50)
	at java.base/jdk.internal.reflect.NativeMethodAccessorImpl.invoke0(Native Method)
	at java.base/jdk.internal.reflect.NativeMethodAccessorImpl.invoke(NativeMethodAccessorImpl.java:77)
	at java.base/jdk.internal.reflect.DelegatingMethodAccessorImpl.invoke(DelegatingMethodAccessorImpl.java:43)
	at java.base/java.lang.reflect.Method.invoke(Method.java:568)
	at org.testng.internal.MethodInvocationHelper.invokeMethod(MethodInvocationHelper.java:133)
	at org.testng.internal.MethodInvocationHelper.invokeMethodConsideringTimeout(MethodInvocationHelper.java:62)
	at org.testng.internal.ConfigInvoker.invokeConfigurationMethod(ConfigInvoker.java:385)
	at org.testng.internal.ConfigInvoker.invokeConfigurations(ConfigInvoker.java:321)
	at org.testng.internal.TestInvoker.runConfigMethods(TestInvoker.java:700)
	at org.testng.internal.TestInvoker.invokeMethod(TestInvoker.java:527)
	at org.testng.internal.TestInvoker.invokeTestMethod(TestInvoker.java:173)
	at org.testng.internal.MethodRunner.runInSequence(MethodRunner.java:46)
	at org.testng.internal.TestInvoker$MethodInvocationAgent.invoke(TestInvoker.java:824)
	at org.testng.internal.TestInvoker.invokeTestMethods(TestInvoker.java:146)
	at org.testng.internal.TestMethodWorker.invokeTestMethods(TestMethodWorker.java:146)
	at org.testng.internal.TestMethodWorker.run(TestMethodWorker.java:128)
	at java.base/java.util.ArrayList.forEach(ArrayList.java:1511)
	at org.testng.TestRunner.privateRun(TestRunner.java:794)
	at org.testng.TestRunner.run(TestRunner.java:596)
	at org.testng.SuiteRunner.runTest(SuiteRunner.java:377)
	at org.testng.SuiteRunner.access$000(SuiteRunner.java:28)
	at org.testng.SuiteRunner$SuiteWorker.run(SuiteRunner.java:418)
	at org.testng.internal.thread.ThreadUtil.lambda$execute$0(ThreadUtil.java:64)
	at java.base/java.util.concurrent.FutureTask.run(FutureTask.java:264)
	at java.base/java.util.concurrent.ThreadPoolExecutor.runWorker(ThreadPoolExecutor.java:1136)
	at java.base/java.util.concurrent.ThreadPoolExecutor$Worker.run(ThreadPoolExecutor.java:635)
	at java.base/java.lang.Thread.run(Thread.java:833)
Caused by: java.lang.ClassCastException: class com.google.common.collect.RegularImmutableMap cannot be cast to class org.openqa.selenium.Capabilities (com.google.common.collect.RegularImmutableMap and org.openqa.selenium.Capabilities are in unnamed module of loader &apos;app&apos;)
	at java.base/java.util.stream.ReferencePipeline$3$1.accept(ReferencePipeline.java:197)
	at java.base/java.util.Iterator.forEachRemaining(Iterator.java:133)
	at java.base/java.util.Spliterators$IteratorSpliterator.forEachRemaining(Spliterators.java:1845)
	at java.base/java.util.stream.AbstractPipeline.copyInto(AbstractPipeline.java:509)
	at java.base/java.util.stream.AbstractPipeline.wrapAndCopyInto(AbstractPipeline.java:499)
	at java.base/java.util.stream.ReduceOps$ReduceOp.evaluateSequential(ReduceOps.java:921)
	at java.base/java.util.stream.AbstractPipeline.evaluate(AbstractPipeline.java:234)
	at java.base/java.util.stream.ReferencePipeline.collect(ReferencePipeline.java:682)
	at org.openqa.selenium.remote.NewSessionPayload.create(NewSessionPayload.java:116)
	at org.openqa.selenium.remote.ProtocolHandshake.createSession(ProtocolHandshake.java:67)
	at org.openqa.selenium.remote.HttpCommandExecutor.execute(HttpCommandExecutor.java:163)
	at org.openqa.selenium.remote.RemoteWebDriver.execute(RemoteWebDriver.java:523)
	... 33 more
</pre></div></td>
<td>0</td>
<td>com.browserstact.poc.AndroidTestCases@2e1af49b</td></tr>
</table><p>
</body>
</html>