<?xml version="1.0" encoding="UTF-8"?>
<testng-results ignored="3" total="4" passed="0" failed="0" skipped="1">
  <reporter-output>
  </reporter-output>
  <suite started-at="2024-01-11T19:24:14 IST" name="Default suite" finished-at="2024-01-11T19:24:15 IST" duration-ms="350">
    <groups>
    </groups>
    <test started-at="2024-01-11T19:24:14 IST" name="Default test" finished-at="2024-01-11T19:24:15 IST" duration-ms="350">
      <class name="com.browserstact.poc.AndroidTestCases">
        <test-method is-config="true" signature="setUp()[pri:0, instance:com.browserstact.poc.AndroidTestCases@4b1abd11]" started-at="2024-01-11T19:24:14 IST" name="setUp" finished-at="2024-01-11T19:24:15 IST" duration-ms="306" status="FAIL">
          <exception class="org.openqa.selenium.SessionNotCreatedException">
            <message>
              <![CDATA[Could not start a new session. Possible causes are invalid address of the remote server or browser start-up failure. 
Host info: host: 'Mainaks-MacBook-Air.local', ip: '2405:201:100f:388a:2568:57dd:1f3b:8f5d%en0'
Build info: version: '4.16.1', revision: '9b4c83354e'
System info: os.name: 'Mac OS X', os.arch: 'x86_64', os.version: '13.5.2', java.version: '17.0.4.1'
Driver info: io.appium.java_client.android.AndroidDriver
Command: [null, newSession {capabilities=[{appium:app=bs://30a4d280756c5db63f0d5be6fffe4c72de1c1d10, appium:automationName=UIAutomator2, appium:browserstack.debug=true, appium:build=Android, appium:deviceName=Samsung Galaxy S22 Ultra, appium:interactiveDebugging=true, appium:name=Bstack-[Java] Sample Test Android, appium:os_version=12, appium:project=Android Project, browserVersion=null, bstack:options={browserstackSDK=java-javaagent/1.12.7, hostName=Mainaks-MacBook-Air.local, buildName=browserstack build, debug=true, source=java:appium-eclipse:v1.0.3, userName=mainakmukherjee_Qk5gaU, buildIdentifier=#23, consoleLogs=errors, networkLogs=true, deviceName=Samsung Galaxy S22 Ultra, local=true, accessKey=xptzyxhTpgWqRzWZFZvX, browserVersion=null, platformVersion=12, localIdentifier=11_Jan_1923_Mainaks_MacBook_Air_local_HJ6u, projectName=BrowserStack Sample}, platformName=ANDROID}], desiredCapabilities=Capabilities {appium:app: bs://30a4d280756c5db63f0d5b..., appium:automationName: UIAutomator2, appium:browserstack.debug: true, appium:build: Android, appium:deviceName: Samsung Galaxy S22 Ultra, appium:interactiveDebugging: true, appium:name: Bstack-[Java] Sample Test A..., appium:os_version: 12, appium:project: Android Project, browserVersion: null, bstack:options: {accessKey: xptzyxhTpgWqRzWZFZvX, browserVersion: null, browserstackSDK: java-javaagent/1.12.7, buildIdentifier: #23, buildName: browserstack build, consoleLogs: errors, debug: true, deviceName: Samsung Galaxy S22 Ultra, hostName: Mainaks-MacBook-Air.local, local: true, localIdentifier: 11_Jan_1923_Mainaks_MacBook..., networkLogs: true, platformVersion: 12, projectName: BrowserStack Sample, source: java:appium-eclipse:v1.0.3, userName: mainakmukherjee_Qk5gaU}, platformName: ANDROID}}]
Capabilities {appium:app: bs://30a4d280756c5db63f0d5b..., appium:automationName: UIAutomator2, appium:browserstack.debug: true, appium:build: Android, appium:deviceName: Samsung Galaxy S22 Ultra, appium:interactiveDebugging: true, appium:name: Bstack-[Java] Sample Test A..., appium:os_version: 12, appium:project: Android Project, browserVersion: null, bstack:options: {accessKey: xptzyxhTpgWqRzWZFZvX, browserVersion: null, browserstackSDK: java-javaagent/1.12.7, buildIdentifier: #23, buildName: browserstack build, consoleLogs: errors, debug: true, deviceName: Samsung Galaxy S22 Ultra, hostName: Mainaks-MacBook-Air.local, local: true, localIdentifier: 11_Jan_1923_Mainaks_MacBook..., networkLogs: true, platformVersion: 12, projectName: BrowserStack Sample, source: java:appium-eclipse:v1.0.3, userName: mainakmukherjee_Qk5gaU}, platformName: ANDROID}]]>
            </message>
            <full-stacktrace>
              <![CDATA[org.openqa.selenium.SessionNotCreatedException: Could not start a new session. Possible causes are invalid address of the remote server or browser start-up failure. 
Host info: host: 'Mainaks-MacBook-Air.local', ip: '2405:201:100f:388a:2568:57dd:1f3b:8f5d%en0'
Build info: version: '4.16.1', revision: '9b4c83354e'
System info: os.name: 'Mac OS X', os.arch: 'x86_64', os.version: '13.5.2', java.version: '17.0.4.1'
Driver info: io.appium.java_client.android.AndroidDriver
Command: [null, newSession {capabilities=[{appium:app=bs://30a4d280756c5db63f0d5be6fffe4c72de1c1d10, appium:automationName=UIAutomator2, appium:browserstack.debug=true, appium:build=Android, appium:deviceName=Samsung Galaxy S22 Ultra, appium:interactiveDebugging=true, appium:name=Bstack-[Java] Sample Test Android, appium:os_version=12, appium:project=Android Project, browserVersion=null, bstack:options={browserstackSDK=java-javaagent/1.12.7, hostName=Mainaks-MacBook-Air.local, buildName=browserstack build, debug=true, source=java:appium-eclipse:v1.0.3, userName=mainakmukherjee_Qk5gaU, buildIdentifier=#23, consoleLogs=errors, networkLogs=true, deviceName=Samsung Galaxy S22 Ultra, local=true, accessKey=xptzyxhTpgWqRzWZFZvX, browserVersion=null, platformVersion=12, localIdentifier=11_Jan_1923_Mainaks_MacBook_Air_local_HJ6u, projectName=BrowserStack Sample}, platformName=ANDROID}], desiredCapabilities=Capabilities {appium:app: bs://30a4d280756c5db63f0d5b..., appium:automationName: UIAutomator2, appium:browserstack.debug: true, appium:build: Android, appium:deviceName: Samsung Galaxy S22 Ultra, appium:interactiveDebugging: true, appium:name: Bstack-[Java] Sample Test A..., appium:os_version: 12, appium:project: Android Project, browserVersion: null, bstack:options: {accessKey: xptzyxhTpgWqRzWZFZvX, browserVersion: null, browserstackSDK: java-javaagent/1.12.7, buildIdentifier: #23, buildName: browserstack build, consoleLogs: errors, debug: true, deviceName: Samsung Galaxy S22 Ultra, hostName: Mainaks-MacBook-Air.local, local: true, localIdentifier: 11_Jan_1923_Mainaks_MacBook..., networkLogs: true, platformVersion: 12, projectName: BrowserStack Sample, source: java:appium-eclipse:v1.0.3, userName: mainakmukherjee_Qk5gaU}, platformName: ANDROID}}]
Capabilities {appium:app: bs://30a4d280756c5db63f0d5b..., appium:automationName: UIAutomator2, appium:browserstack.debug: true, appium:build: Android, appium:deviceName: Samsung Galaxy S22 Ultra, appium:interactiveDebugging: true, appium:name: Bstack-[Java] Sample Test A..., appium:os_version: 12, appium:project: Android Project, browserVersion: null, bstack:options: {accessKey: xptzyxhTpgWqRzWZFZvX, browserVersion: null, browserstackSDK: java-javaagent/1.12.7, buildIdentifier: #23, buildName: browserstack build, consoleLogs: errors, debug: true, deviceName: Samsung Galaxy S22 Ultra, hostName: Mainaks-MacBook-Air.local, local: true, localIdentifier: 11_Jan_1923_Mainaks_MacBook..., networkLogs: true, platformVersion: 12, projectName: BrowserStack Sample, source: java:appium-eclipse:v1.0.3, userName: mainakmukherjee_Qk5gaU}, platformName: ANDROID}
at org.openqa.selenium.remote.RemoteWebDriver.execute(RemoteWebDriver.java:541)
at io.appium.java_client.AppiumDriver.startSession(AppiumDriver.java:268)
at org.openqa.selenium.remote.RemoteWebDriver.<init>(RemoteWebDriver.java:164)
at io.appium.java_client.AppiumDriver.<init>(AppiumDriver.java:90)
at io.appium.java_client.AppiumDriver.<init>(AppiumDriver.java:102)
at io.appium.java_client.android.AndroidDriver.<init>(AndroidDriver.java:109)
at com.browserstact.poc.AndroidBase.setUp(AndroidBase.java:49)
at java.base/jdk.internal.reflect.NativeMethodAccessorImpl.invoke0(Native Method)
at java.base/jdk.internal.reflect.NativeMethodAccessorImpl.invoke(NativeMethodAccessorImpl.java:77)
at java.base/jdk.internal.reflect.DelegatingMethodAccessorImpl.invoke(DelegatingMethodAccessorImpl.java:43)
at java.base/java.lang.reflect.Method.invoke(Method.java:568)
at org.testng.internal.MethodInvocationHelper.invokeMethod(MethodInvocationHelper.java:133)
at org.testng.internal.MethodInvocationHelper.invokeMethodConsideringTimeout(MethodInvocationHelper.java:62)
at org.testng.internal.ConfigInvoker.invokeConfigurationMethod(ConfigInvoker.java:385)
at org.testng.internal.ConfigInvoker.invokeConfigurations(ConfigInvoker.java:321)
at org.testng.internal.TestInvoker.runConfigMethods(TestInvoker.java:700)
at org.testng.internal.TestInvoker.invokeMethod(TestInvoker.java:527)
at org.testng.internal.TestInvoker.invokeTestMethod(TestInvoker.java:173)
at org.testng.internal.MethodRunner.runInSequence(MethodRunner.java:46)
at org.testng.internal.TestInvoker$MethodInvocationAgent.invoke(TestInvoker.java:824)
at org.testng.internal.TestInvoker.invokeTestMethods(TestInvoker.java:146)
at org.testng.internal.TestMethodWorker.invokeTestMethods(TestMethodWorker.java:146)
at org.testng.internal.TestMethodWorker.run(TestMethodWorker.java:128)
at java.base/java.util.ArrayList.forEach(ArrayList.java:1511)
at org.testng.TestRunner.privateRun(TestRunner.java:794)
at org.testng.TestRunner.run(TestRunner.java:596)
at org.testng.SuiteRunner.runTest(SuiteRunner.java:377)
at org.testng.SuiteRunner.runSequentially(SuiteRunner.java:371)
at org.testng.SuiteRunner.privateRun(SuiteRunner.java:332)
at org.testng.SuiteRunner.run(SuiteRunner.java:276)
at org.testng.SuiteRunnerWorker.runSuite(SuiteRunnerWorker.java:53)
at org.testng.SuiteRunnerWorker.run(SuiteRunnerWorker.java:96)
at org.testng.TestNG.runSuitesSequentially(TestNG.java:1212)
at org.testng.TestNG.runSuitesLocally(TestNG.java:1134)
at org.testng.TestNG.runSuites(TestNG.java:1063)
at org.testng.TestNG.run(TestNG.java:1031)
at org.testng.remote.AbstractRemoteTestNG.run(AbstractRemoteTestNG.java:115)
at org.testng.remote.RemoteTestNG.initAndRun(RemoteTestNG.java:251)
at org.testng.remote.RemoteTestNG.main(RemoteTestNG.java:77)
Caused by: java.lang.ClassCastException: class com.google.common.collect.RegularImmutableMap cannot be cast to class org.openqa.selenium.Capabilities (com.google.common.collect.RegularImmutableMap and org.openqa.selenium.Capabilities are in unnamed module of loader 'app')
at java.base/java.util.stream.ReferencePipeline$3$1.accept(ReferencePipeline.java:197)
at java.base/java.util.Iterator.forEachRemaining(Iterator.java:133)
at java.base/java.util.Spliterators$IteratorSpliterator.forEachRemaining(Spliterators.java:1845)
at java.base/java.util.stream.AbstractPipeline.copyInto(AbstractPipeline.java:509)
at java.base/java.util.stream.AbstractPipeline.wrapAndCopyInto(AbstractPipeline.java:499)
at java.base/java.util.stream.ReduceOps$ReduceOp.evaluateSequential(ReduceOps.java:921)
at java.base/java.util.stream.AbstractPipeline.evaluate(AbstractPipeline.java:234)
at java.base/java.util.stream.ReferencePipeline.collect(ReferencePipeline.java:682)
at org.openqa.selenium.remote.NewSessionPayload.create(NewSessionPayload.java:116)
at org.openqa.selenium.remote.ProtocolHandshake.createSession(ProtocolHandshake.java:67)
at org.openqa.selenium.remote.HttpCommandExecutor.execute(HttpCommandExecutor.java:163)
at org.openqa.selenium.remote.RemoteWebDriver.execute(RemoteWebDriver.java:523)
... 38 more
]]>
            </full-stacktrace>
          </exception> <!-- org.openqa.selenium.SessionNotCreatedException -->
          <reporter-output>
          </reporter-output>
        </test-method> <!-- setUp -->
        <test-method signature="tc_001()[pri:0, instance:com.browserstact.poc.AndroidTestCases@4b1abd11]" started-at="2024-01-11T19:24:15 IST" name="tc_001" finished-at="2024-01-11T19:24:15 IST" duration-ms="0" status="SKIP">
          <exception class="org.openqa.selenium.SessionNotCreatedException">
            <message>
              <![CDATA[Could not start a new session. Possible causes are invalid address of the remote server or browser start-up failure. 
Host info: host: 'Mainaks-MacBook-Air.local', ip: '2405:201:100f:388a:2568:57dd:1f3b:8f5d%en0'
Build info: version: '4.16.1', revision: '9b4c83354e'
System info: os.name: 'Mac OS X', os.arch: 'x86_64', os.version: '13.5.2', java.version: '17.0.4.1'
Driver info: io.appium.java_client.android.AndroidDriver
Command: [null, newSession {capabilities=[{appium:app=bs://30a4d280756c5db63f0d5be6fffe4c72de1c1d10, appium:automationName=UIAutomator2, appium:browserstack.debug=true, appium:build=Android, appium:deviceName=Samsung Galaxy S22 Ultra, appium:interactiveDebugging=true, appium:name=Bstack-[Java] Sample Test Android, appium:os_version=12, appium:project=Android Project, browserVersion=null, bstack:options={browserstackSDK=java-javaagent/1.12.7, hostName=Mainaks-MacBook-Air.local, buildName=browserstack build, debug=true, source=java:appium-eclipse:v1.0.3, userName=mainakmukherjee_Qk5gaU, buildIdentifier=#23, consoleLogs=errors, networkLogs=true, deviceName=Samsung Galaxy S22 Ultra, local=true, accessKey=xptzyxhTpgWqRzWZFZvX, browserVersion=null, platformVersion=12, localIdentifier=11_Jan_1923_Mainaks_MacBook_Air_local_HJ6u, projectName=BrowserStack Sample}, platformName=ANDROID}], desiredCapabilities=Capabilities {appium:app: bs://30a4d280756c5db63f0d5b..., appium:automationName: UIAutomator2, appium:browserstack.debug: true, appium:build: Android, appium:deviceName: Samsung Galaxy S22 Ultra, appium:interactiveDebugging: true, appium:name: Bstack-[Java] Sample Test A..., appium:os_version: 12, appium:project: Android Project, browserVersion: null, bstack:options: {accessKey: xptzyxhTpgWqRzWZFZvX, browserVersion: null, browserstackSDK: java-javaagent/1.12.7, buildIdentifier: #23, buildName: browserstack build, consoleLogs: errors, debug: true, deviceName: Samsung Galaxy S22 Ultra, hostName: Mainaks-MacBook-Air.local, local: true, localIdentifier: 11_Jan_1923_Mainaks_MacBook..., networkLogs: true, platformVersion: 12, projectName: BrowserStack Sample, source: java:appium-eclipse:v1.0.3, userName: mainakmukherjee_Qk5gaU}, platformName: ANDROID}}]
Capabilities {appium:app: bs://30a4d280756c5db63f0d5b..., appium:automationName: UIAutomator2, appium:browserstack.debug: true, appium:build: Android, appium:deviceName: Samsung Galaxy S22 Ultra, appium:interactiveDebugging: true, appium:name: Bstack-[Java] Sample Test A..., appium:os_version: 12, appium:project: Android Project, browserVersion: null, bstack:options: {accessKey: xptzyxhTpgWqRzWZFZvX, browserVersion: null, browserstackSDK: java-javaagent/1.12.7, buildIdentifier: #23, buildName: browserstack build, consoleLogs: errors, debug: true, deviceName: Samsung Galaxy S22 Ultra, hostName: Mainaks-MacBook-Air.local, local: true, localIdentifier: 11_Jan_1923_Mainaks_MacBook..., networkLogs: true, platformVersion: 12, projectName: BrowserStack Sample, source: java:appium-eclipse:v1.0.3, userName: mainakmukherjee_Qk5gaU}, platformName: ANDROID}]]>
            </message>
            <full-stacktrace>
              <![CDATA[org.openqa.selenium.SessionNotCreatedException: Could not start a new session. Possible causes are invalid address of the remote server or browser start-up failure. 
Host info: host: 'Mainaks-MacBook-Air.local', ip: '2405:201:100f:388a:2568:57dd:1f3b:8f5d%en0'
Build info: version: '4.16.1', revision: '9b4c83354e'
System info: os.name: 'Mac OS X', os.arch: 'x86_64', os.version: '13.5.2', java.version: '17.0.4.1'
Driver info: io.appium.java_client.android.AndroidDriver
Command: [null, newSession {capabilities=[{appium:app=bs://30a4d280756c5db63f0d5be6fffe4c72de1c1d10, appium:automationName=UIAutomator2, appium:browserstack.debug=true, appium:build=Android, appium:deviceName=Samsung Galaxy S22 Ultra, appium:interactiveDebugging=true, appium:name=Bstack-[Java] Sample Test Android, appium:os_version=12, appium:project=Android Project, browserVersion=null, bstack:options={browserstackSDK=java-javaagent/1.12.7, hostName=Mainaks-MacBook-Air.local, buildName=browserstack build, debug=true, source=java:appium-eclipse:v1.0.3, userName=mainakmukherjee_Qk5gaU, buildIdentifier=#23, consoleLogs=errors, networkLogs=true, deviceName=Samsung Galaxy S22 Ultra, local=true, accessKey=xptzyxhTpgWqRzWZFZvX, browserVersion=null, platformVersion=12, localIdentifier=11_Jan_1923_Mainaks_MacBook_Air_local_HJ6u, projectName=BrowserStack Sample}, platformName=ANDROID}], desiredCapabilities=Capabilities {appium:app: bs://30a4d280756c5db63f0d5b..., appium:automationName: UIAutomator2, appium:browserstack.debug: true, appium:build: Android, appium:deviceName: Samsung Galaxy S22 Ultra, appium:interactiveDebugging: true, appium:name: Bstack-[Java] Sample Test A..., appium:os_version: 12, appium:project: Android Project, browserVersion: null, bstack:options: {accessKey: xptzyxhTpgWqRzWZFZvX, browserVersion: null, browserstackSDK: java-javaagent/1.12.7, buildIdentifier: #23, buildName: browserstack build, consoleLogs: errors, debug: true, deviceName: Samsung Galaxy S22 Ultra, hostName: Mainaks-MacBook-Air.local, local: true, localIdentifier: 11_Jan_1923_Mainaks_MacBook..., networkLogs: true, platformVersion: 12, projectName: BrowserStack Sample, source: java:appium-eclipse:v1.0.3, userName: mainakmukherjee_Qk5gaU}, platformName: ANDROID}}]
Capabilities {appium:app: bs://30a4d280756c5db63f0d5b..., appium:automationName: UIAutomator2, appium:browserstack.debug: true, appium:build: Android, appium:deviceName: Samsung Galaxy S22 Ultra, appium:interactiveDebugging: true, appium:name: Bstack-[Java] Sample Test A..., appium:os_version: 12, appium:project: Android Project, browserVersion: null, bstack:options: {accessKey: xptzyxhTpgWqRzWZFZvX, browserVersion: null, browserstackSDK: java-javaagent/1.12.7, buildIdentifier: #23, buildName: browserstack build, consoleLogs: errors, debug: true, deviceName: Samsung Galaxy S22 Ultra, hostName: Mainaks-MacBook-Air.local, local: true, localIdentifier: 11_Jan_1923_Mainaks_MacBook..., networkLogs: true, platformVersion: 12, projectName: BrowserStack Sample, source: java:appium-eclipse:v1.0.3, userName: mainakmukherjee_Qk5gaU}, platformName: ANDROID}
at org.openqa.selenium.remote.RemoteWebDriver.execute(RemoteWebDriver.java:541)
at io.appium.java_client.AppiumDriver.startSession(AppiumDriver.java:268)
at org.openqa.selenium.remote.RemoteWebDriver.<init>(RemoteWebDriver.java:164)
at io.appium.java_client.AppiumDriver.<init>(AppiumDriver.java:90)
at io.appium.java_client.AppiumDriver.<init>(AppiumDriver.java:102)
at io.appium.java_client.android.AndroidDriver.<init>(AndroidDriver.java:109)
at com.browserstact.poc.AndroidBase.setUp(AndroidBase.java:49)
at java.base/jdk.internal.reflect.NativeMethodAccessorImpl.invoke0(Native Method)
at java.base/jdk.internal.reflect.NativeMethodAccessorImpl.invoke(NativeMethodAccessorImpl.java:77)
at java.base/jdk.internal.reflect.DelegatingMethodAccessorImpl.invoke(DelegatingMethodAccessorImpl.java:43)
at java.base/java.lang.reflect.Method.invoke(Method.java:568)
at org.testng.internal.MethodInvocationHelper.invokeMethod(MethodInvocationHelper.java:133)
at org.testng.internal.MethodInvocationHelper.invokeMethodConsideringTimeout(MethodInvocationHelper.java:62)
at org.testng.internal.ConfigInvoker.invokeConfigurationMethod(ConfigInvoker.java:385)
at org.testng.internal.ConfigInvoker.invokeConfigurations(ConfigInvoker.java:321)
at org.testng.internal.TestInvoker.runConfigMethods(TestInvoker.java:700)
at org.testng.internal.TestInvoker.invokeMethod(TestInvoker.java:527)
at org.testng.internal.TestInvoker.invokeTestMethod(TestInvoker.java:173)
at org.testng.internal.MethodRunner.runInSequence(MethodRunner.java:46)
at org.testng.internal.TestInvoker$MethodInvocationAgent.invoke(TestInvoker.java:824)
at org.testng.internal.TestInvoker.invokeTestMethods(TestInvoker.java:146)
at org.testng.internal.TestMethodWorker.invokeTestMethods(TestMethodWorker.java:146)
at org.testng.internal.TestMethodWorker.run(TestMethodWorker.java:128)
at java.base/java.util.ArrayList.forEach(ArrayList.java:1511)
at org.testng.TestRunner.privateRun(TestRunner.java:794)
at org.testng.TestRunner.run(TestRunner.java:596)
at org.testng.SuiteRunner.runTest(SuiteRunner.java:377)
at org.testng.SuiteRunner.runSequentially(SuiteRunner.java:371)
at org.testng.SuiteRunner.privateRun(SuiteRunner.java:332)
at org.testng.SuiteRunner.run(SuiteRunner.java:276)
at org.testng.SuiteRunnerWorker.runSuite(SuiteRunnerWorker.java:53)
at org.testng.SuiteRunnerWorker.run(SuiteRunnerWorker.java:96)
at org.testng.TestNG.runSuitesSequentially(TestNG.java:1212)
at org.testng.TestNG.runSuitesLocally(TestNG.java:1134)
at org.testng.TestNG.runSuites(TestNG.java:1063)
at org.testng.TestNG.run(TestNG.java:1031)
at org.testng.remote.AbstractRemoteTestNG.run(AbstractRemoteTestNG.java:115)
at org.testng.remote.RemoteTestNG.initAndRun(RemoteTestNG.java:251)
at org.testng.remote.RemoteTestNG.main(RemoteTestNG.java:77)
Caused by: java.lang.ClassCastException: class com.google.common.collect.RegularImmutableMap cannot be cast to class org.openqa.selenium.Capabilities (com.google.common.collect.RegularImmutableMap and org.openqa.selenium.Capabilities are in unnamed module of loader 'app')
at java.base/java.util.stream.ReferencePipeline$3$1.accept(ReferencePipeline.java:197)
at java.base/java.util.Iterator.forEachRemaining(Iterator.java:133)
at java.base/java.util.Spliterators$IteratorSpliterator.forEachRemaining(Spliterators.java:1845)
at java.base/java.util.stream.AbstractPipeline.copyInto(AbstractPipeline.java:509)
at java.base/java.util.stream.AbstractPipeline.wrapAndCopyInto(AbstractPipeline.java:499)
at java.base/java.util.stream.ReduceOps$ReduceOp.evaluateSequential(ReduceOps.java:921)
at java.base/java.util.stream.AbstractPipeline.evaluate(AbstractPipeline.java:234)
at java.base/java.util.stream.ReferencePipeline.collect(ReferencePipeline.java:682)
at org.openqa.selenium.remote.NewSessionPayload.create(NewSessionPayload.java:116)
at org.openqa.selenium.remote.ProtocolHandshake.createSession(ProtocolHandshake.java:67)
at org.openqa.selenium.remote.HttpCommandExecutor.execute(HttpCommandExecutor.java:163)
at org.openqa.selenium.remote.RemoteWebDriver.execute(RemoteWebDriver.java:523)
... 38 more
]]>
            </full-stacktrace>
          </exception> <!-- org.openqa.selenium.SessionNotCreatedException -->
          <reporter-output>
          </reporter-output>
        </test-method> <!-- tc_001 -->
        <test-method is-config="true" signature="tearDown()[pri:0, instance:com.browserstact.poc.AndroidTestCases@4b1abd11]" started-at="2024-01-11T19:24:15 IST" name="tearDown" finished-at="1970-01-01T05:30:00 IST" duration-ms="-1704981255244" status="SKIP">
          <reporter-output>
          </reporter-output>
        </test-method> <!-- tearDown -->
      </class> <!-- com.browserstact.poc.AndroidTestCases -->
    </test> <!-- Default test -->
  </suite> <!-- Default suite -->
</testng-results>
